[debug] [2024-03-12T20:09:58.058Z] ----------------------------------------------------------------------
[debug] [2024-03-12T20:09:58.060Z] Command:       C:\Program Files\nodejs\node.exe C:\Users\Usuario\AppData\Roaming\npm\node_modules\firebase-tools\lib\bin\firebase.js init
[debug] [2024-03-12T20:09:58.060Z] CLI Version:   13.4.1
[debug] [2024-03-12T20:09:58.060Z] Platform:      win32
[debug] [2024-03-12T20:09:58.060Z] Node Version:  v20.11.1
[debug] [2024-03-12T20:09:58.061Z] Time:          Tue Mar 12 2024 15:09:58 GMT-0500 (hora de Ecuador)
[debug] [2024-03-12T20:09:58.061Z] ----------------------------------------------------------------------
[debug] 
[debug] [2024-03-12T20:09:58.102Z] > command requires scopes: ["email","openid","https://www.googleapis.com/auth/cloudplatformprojects.readonly","https://www.googleapis.com/auth/firebase","https://www.googleapis.com/auth/cloud-platform"]
[debug] [2024-03-12T20:09:58.102Z] > authorizing via signed-in user (joelsanchez740@gmail.com)
[info] 
     ######## #### ########  ######## ########     ###     ######  ########
     ##        ##  ##     ## ##       ##     ##  ##   ##  ##       ##
     ######    ##  ########  ######   ########  #########  ######  ######
     ##        ##  ##    ##  ##       ##     ## ##     ##       ## ##
     ##       #### ##     ## ######## ########  ##     ##  ######  ########

You're about to initialize a Firebase project in this directory:

  C:\Users\Usuario\Documents\Francis\Programas\alpha

Before we get started, keep in mind:

  * You are initializing within an existing Firebase project directory

[info] 
=== Project Setup
[info] 
[info] First, let's associate this project directory with a Firebase project.
[info] You can create multiple project aliases by running firebase use --add, 
[info] but for now we'll just set up a default project.
[info] 
[debug] [2024-03-12T20:11:23.473Z] Using project from CLI flag: database-78d55
[debug] [2024-03-12T20:11:23.474Z] >>> [apiv2][query] GET https://firebase.googleapis.com/v1beta1/projects/database-78d55 [none]
[debug] [2024-03-12T20:11:24.271Z] <<< [apiv2][status] GET https://firebase.googleapis.com/v1beta1/projects/database-78d55 200
[debug] [2024-03-12T20:11:24.271Z] <<< [apiv2][body] GET https://firebase.googleapis.com/v1beta1/projects/database-78d55 {"projectId":"database-78d55","projectNumber":"807241224956","displayName":"database","name":"projects/database-78d55","resources":{"hostingSite":"database-78d55","realtimeDatabaseInstance":"database-78d55-default-rtdb"},"state":"ACTIVE","etag":"1_6026fb86-ed83-4292-b257-3f766de40e93"}
[info] i  Using project database-78d55 (database) 
[info] 
=== Hosting Setup
[debug] [2024-03-12T20:11:24.276Z] >>> [apiv2][query] GET https://firebase.googleapis.com/v1beta1/projects/database-78d55 [none]
[debug] [2024-03-12T20:11:24.586Z] <<< [apiv2][status] GET https://firebase.googleapis.com/v1beta1/projects/database-78d55 200
[debug] [2024-03-12T20:11:24.587Z] <<< [apiv2][body] GET https://firebase.googleapis.com/v1beta1/projects/database-78d55 {"projectId":"database-78d55","projectNumber":"807241224956","displayName":"database","name":"projects/database-78d55","resources":{"hostingSite":"database-78d55","realtimeDatabaseInstance":"database-78d55-default-rtdb"},"state":"ACTIVE","etag":"1_6026fb86-ed83-4292-b257-3f766de40e93"}
[info] 
[info] Your public directory is the folder (relative to your project directory) that
[info] will contain Hosting assets to be uploaded with firebase deploy. If you
[info] have a build process for your assets, use your build's output directory.
[info] 
